3.938056200000574
3.9519689999870025
0.08528569999907631
0.09795799999847077
0.089250400007586
0.09934230000362732
0.0971447000047192
0.13378600000578444
0.06372409999312367
0.0933837000047788
0.06555440000374801
0.10404960000596475
0.10106190000078641
0.08333400000992697
0.09388440000475384
0.10968169999250676
0.09375319999526255
0.15083270000468474
0.12762230000225827
0.1267465999990236
0.1395256999967387
0.11677870000130497
0.09315179999975953
0.07736650000151712
0.0870608999975957
0.07429479999700561
0.11262770000030287
0.09899490000680089
0.11622349999379367
0.11048079999454785
0.10813029999553692
0.1188049000047613
0.11881989998801146
0.09223699998983648
0.10113100000307895
0.09632130000682082
0.09629590000258759
0.09321530000306666
0.08324079999874812
0.07339949999004602
6.157799799999339
6.215935200001695
6.214131600005203
6.094837900003768
6.118280599999707
6.294874899991555
6.272877800001879
6.323903699987568
5.290809700003592
5.238748500007205
5.258783600002062
5.346981500013499
5.325643399992259
5.203018200001679
5.19954110000981
5.318758099994739
4.878637399990112
4.834319300003699
4.932207299993024
4.95187750000332
4.964310699986527
4.877568700001575
4.899834299998474
5.098595900009968
